<?xml version="1.0" encoding="UTF-8"?>
<!-- Generated by org.testng.reporters.JUnitXMLReporter -->
<testsuite ignored="1" hostname="NMSLAP356" failures="0" tests="3" name="Default test" time="218.216" errors="0" timestamp="2021-08-13T10:10:29 IST">
  <testcase classname="com.Nm.Website_live.PDP_Combo" name="ferquentlyBought" time="73.185">
    <skipped/>
  </testcase> <!-- ferquentlyBought -->
  <testcase classname="com.Nm.Website_live.PDP_Combo" name="ferquentlyBought" time="54.631">
    <skipped/>
  </testcase> <!-- ferquentlyBought -->
  <testcase classname="com.Nm.Website_live.PDP_Combo" name="ferquentlyBought" time="66.555"/>
  <testcase classname="com.Nm.Website_live.PDP_Combo" name="offersAvail" time="0.0">
    <ignored/>
  </testcase> <!-- offersAvail -->
</testsuite> <!-- Default test -->
