<?xml version="1.0" encoding="UTF-8"?>
<!-- Generated by org.testng.reporters.JUnitXMLReporter -->
<testsuite ignored="0" hostname="LAPTOP-AD2BG20M" failures="0" tests="9" name="Default test" time="506.243" errors="0" timestamp="2021-07-22T11:06:35 IST">
  <testcase classname="com.Nm.Website.Youraccount" name="DeliverAddressSection" time="107.881"/>
  <testcase classname="com.Nm.Website.Youraccount" name="Editprofile" time="53.997"/>
  <testcase classname="com.Nm.Website.Youraccount" name="Helppage" time="122.288"/>
  <testcase classname="com.Nm.Website.Youraccount" name="Legalinformation" time="22.397"/>
  <testcase classname="com.Nm.Website.Youraccount" name="Myprescription" time="24.931"/>
  <testcase classname="com.Nm.Website.Youraccount" name="Mywallet" time="27.522"/>
  <testcase classname="com.Nm.Website.Youraccount" name="Referearn" time="46.088"/>
  <testcase classname="com.Nm.Website.Youraccount" name="contactus" time="25.846"/>
  <testcase classname="com.Nm.Website.Youraccount" name="rateus" time="39.524"/>
</testsuite> <!-- Default test -->
