<?xml version="1.0" encoding="UTF-8"?>
<!-- Generated by org.testng.reporters.JUnitXMLReporter -->
<testsuite ignored="2" hostname="LAPTOP-AD2BG20M" failures="0" tests="1" name="Default test" time="169.464" errors="0" timestamp="2021-08-04T14:18:47 IST">
  <testcase classname="com.Nm.website_stage.OrderSucesspage" name="OrderSucessPageM3" time="162.005"/>
  <testcase classname="com.Nm.website_stage.OrderSucesspage" name="OrderSucessPageM1" time="0.0">
    <ignored/>
  </testcase> <!-- OrderSucessPageM1 -->
  <testcase classname="com.Nm.website_stage.OrderSucesspage" name="OrderSuccessPageM2" time="0.0">
    <ignored/>
  </testcase> <!-- OrderSuccessPageM2 -->
</testsuite> <!-- Default test -->
