<?xml version="1.0" encoding="UTF-8"?>
<!-- Generated by org.testng.reporters.JUnitXMLReporter -->
<testsuite ignored="1" hostname="NMSLAP356" failures="0" tests="1" name="Default test" time="289.812" errors="0" timestamp="2021-12-22T11:29:44 IST">
  <testcase classname="com.Nm.Andriod_prod.M2_Flow_Live" name="m2_getSearchMedicine" time="274.858"/>
  <testcase classname="com.Nm.Andriod_prod.M2_Flow_Live" name="m2_getCall" time="0.0">
    <ignored/>
  </testcase> <!-- m2_getCall -->
</testsuite> <!-- Default test -->
