<?xml version="1.0" encoding="UTF-8"?>
<!-- Generated by org.testng.reporters.JUnitXMLReporter -->
<testsuite ignored="0" hostname="LAPTOP-AD2BG20M" failures="0" tests="4" name="Default test" time="630.677" errors="0" timestamp="2021-07-28T17:55:44 IST">
  <testcase classname="com.Nm.Website.CartPage" name="carpagescenariofour" time="184.458"/>
  <testcase classname="com.Nm.Website.CartPage" name="carpagescenariothree" time="84.3"/>
  <testcase classname="com.Nm.Website.CartPage" name="carpagescenariotwo" time="104.493"/>
  <testcase classname="com.Nm.Website.CartPage" name="cartpagescenarioone" time="237.976"/>
</testsuite> <!-- Default test -->
