<?xml version="1.0" encoding="UTF-8"?>
<!-- Generated by org.testng.reporters.JUnitXMLReporter -->
<testsuite hostname="NMSLAP093" ignored="1" name="Default test" tests="1" failures="0" timestamp="25 Aug 2021 14:50:22 GMT" time="226.467" errors="0">
  <testcase name="mone_precrption" time="209.466" classname="com.Nm.Andriod_prod.M1_flow"/>
  <testcase name="Mone_otc" time="0.0" classname="com.Nm.Andriod_prod.M1_flow">
    <ignored/>
  </testcase> <!-- Mone_otc -->
</testsuite> <!-- Default test -->
