<?xml version="1.0" encoding="UTF-8"?>
<!-- Generated by org.testng.reporters.JUnitXMLReporter -->
<testsuite ignored="3" hostname="LAPTOP-AD2BG20M" failures="0" tests="2" name="Default test" time="263.464" errors="0" timestamp="2021-08-20T16:13:45 IST">
  <testcase classname="com.Nm.Andriod_prod.M3_flow" name="M3SubscriptionOTCflow" time="47.013">
    <skipped/>
  </testcase> <!-- M3SubscriptionOTCflow -->
  <testcase classname="com.Nm.Andriod_prod.M3_flow" name="M3SubscriptionOTCflow" time="196.223"/>
  <testcase classname="com.Nm.Andriod_prod.M3_flow" name="M3Subscription_DoctorConsultationflow" time="0.0">
    <ignored/>
  </testcase> <!-- M3Subscription_DoctorConsultationflow -->
  <testcase classname="com.Nm.Andriod_prod.M3_flow" name="M3Subscriptionrxflow" time="0.0">
    <ignored/>
  </testcase> <!-- M3Subscriptionrxflow -->
  <testcase classname="com.Nm.Andriod_prod.M3_flow" name="M3Subscriptionpastrxflow" time="0.0">
    <ignored/>
  </testcase> <!-- M3Subscriptionpastrxflow -->
</testsuite> <!-- Default test -->
