<?xml version="1.0" encoding="UTF-8"?>
<!-- Generated by org.testng.reporters.JUnitXMLReporter -->
<testsuite ignored="3" hostname="NMSLAP356" failures="0" tests="1" name="Default test" time="209.567" errors="0" timestamp="2021-12-20T17:16:26 IST">
  <testcase classname="com.Nm.Andriod_prod.M2_Flow_Live" name="pastRX_search" time="195.047"/>
  <testcase classname="com.Nm.Andriod_prod.M2_Flow_Live" name="m2_getSearchMedicine" time="0.0">
    <ignored/>
  </testcase> <!-- m2_getSearchMedicine -->
  <testcase classname="com.Nm.Andriod_prod.M2_Flow_Live" name="pastRX_getCall" time="0.0">
    <ignored/>
  </testcase> <!-- pastRX_getCall -->
  <testcase classname="com.Nm.Andriod_prod.M2_Flow_Live" name="m2_getCall" time="0.0">
    <ignored/>
  </testcase> <!-- m2_getCall -->
</testsuite> <!-- Default test -->
