<?xml version="1.0" encoding="UTF-8"?>
<!-- Generated by org.testng.reporters.JUnitXMLReporter -->
<testsuite hostname="NMSLAP093" ignored="0" name="Default test" tests="1" failures="1" timestamp="04 Jan 2022 13:57:37 GMT" time="92.056" errors="0">
  <testcase name="laucnh" time="83.622" classname="com.Nm.Msite_stage.NetmedsFirst">
    <failure type="org.openqa.selenium.WebDriverException" message="unknown error (An unknown server-side error occurred. status=&amp;apos;false&amp;apos;. Failed to complete internal method: &amp;apos;launch args: [chrome:https://m.netmeds.com/checkout/cart, false, false]&amp;apos;, details: Failed to launch URL: chrome:https://m.netmeds.com/checkout/cart: java.util.concurrent.TimeoutException)  (WARNING: The server did not provide any stacktrace information)
Command duration or timeout: 23.34 seconds
Build info: version: &amp;apos;2.52.0&amp;apos;, revision: &amp;apos;4c2593cfc3689a7fcd7be52549167e5ccc93ad28&amp;apos;, time: &amp;apos;2016-02-11 11:22:43&amp;apos;
System info: host: &amp;apos;NMSLAP093&amp;apos;, ip: &amp;apos;192.168.43.144&amp;apos;, os.name: &amp;apos;Windows 10&amp;apos;, os.arch: &amp;apos;amd64&amp;apos;, os.version: &amp;apos;10.0&amp;apos;, java.version: &amp;apos;1.8.0_221&amp;apos;
Driver info: io.appium.java_client.android.AndroidDriver
Capabilities [{device.majorVersion=10, dontGoHomeOnQuit=false, device.os=Android, noReset=true, dontStopAppOnReset=false, applicationClearData=false, reservationDuration=240, reportFormat=xml, fullReset=false, platform=ANY, deviceUDID=NBBY79GM5LTCJBJR, install.only.for.update=false, desired={noReset=true, browserName=Chromium, autoDismissAlerts=true, platformName=Android, udid=NBBY79GM5LTCJBJR}, device.serialNumber=NBBY79GM5LTCJBJR, locationServicesAuthorized=false, device.version=10, browserName=Chromium, reportDirectory=reports, autoWebview=false, platformName=Android, udid=NBBY79GM5LTCJBJR, testName=mobile test 01/04/22 07:26 PM, device.screenSize=1080x2340, useKeystore=false, test.type=Mobile, commandTimeouts=120000, device.manufacture=vivo, instrumentApp=false, appiumVersion=1.8.0, device.category=PHONE, autoDismissAlerts=true, reportUrl=C:\Users\Admin\appiumstudio-reports\reports\test951, newSessionWaitTimeout=600, keystorePath=~/.android/debug.keystore, installOnlyForUpdate=false, waitForDeviceTimeout=120000, device.model=vivo 1819, device.name=vivo 1819, autoGrantPermissions=false, appBuildVersion=, appReleaseVersion=, takeScreenshots=true, projectName=, autoAcceptAlerts=false}]
Session ID: c771d2f9-2ff2-4c34-ad86-c7e21372dce8">
      <![CDATA[org.openqa.selenium.WebDriverException: unknown error (An unknown server-side error occurred. status='false'. Failed to complete internal method: 'launch args: [chrome:https://m.netmeds.com/checkout/cart, false, false]', details: Failed to launch URL: chrome:https://m.netmeds.com/checkout/cart: java.util.concurrent.TimeoutException)  (WARNING: The server did not provide any stacktrace information)
Command duration or timeout: 23.34 seconds
Build info: version: '2.52.0', revision: '4c2593cfc3689a7fcd7be52549167e5ccc93ad28', time: '2016-02-11 11:22:43'
System info: host: 'NMSLAP093', ip: '192.168.43.144', os.name: 'Windows 10', os.arch: 'amd64', os.version: '10.0', java.version: '1.8.0_221'
Driver info: io.appium.java_client.android.AndroidDriver
Capabilities [{device.majorVersion=10, dontGoHomeOnQuit=false, device.os=Android, noReset=true, dontStopAppOnReset=false, applicationClearData=false, reservationDuration=240, reportFormat=xml, fullReset=false, platform=ANY, deviceUDID=NBBY79GM5LTCJBJR, install.only.for.update=false, desired={noReset=true, browserName=Chromium, autoDismissAlerts=true, platformName=Android, udid=NBBY79GM5LTCJBJR}, device.serialNumber=NBBY79GM5LTCJBJR, locationServicesAuthorized=false, device.version=10, browserName=Chromium, reportDirectory=reports, autoWebview=false, platformName=Android, udid=NBBY79GM5LTCJBJR, testName=mobile test 01/04/22 07:26 PM, device.screenSize=1080x2340, useKeystore=false, test.type=Mobile, commandTimeouts=120000, device.manufacture=vivo, instrumentApp=false, appiumVersion=1.8.0, device.category=PHONE, autoDismissAlerts=true, reportUrl=C:\Users\Admin\appiumstudio-reports\reports\test951, newSessionWaitTimeout=600, keystorePath=~/.android/debug.keystore, installOnlyForUpdate=false, waitForDeviceTimeout=120000, device.model=vivo 1819, device.name=vivo 1819, autoGrantPermissions=false, appBuildVersion=, appReleaseVersion=, takeScreenshots=true, projectName=, autoAcceptAlerts=false}]
Session ID: c771d2f9-2ff2-4c34-ad86-c7e21372dce8
at sun.reflect.NativeConstructorAccessorImpl.newInstance0(Native Method)
at sun.reflect.NativeConstructorAccessorImpl.newInstance(Unknown Source)
at sun.reflect.DelegatingConstructorAccessorImpl.newInstance(Unknown Source)
at java.lang.reflect.Constructor.newInstance(Unknown Source)
at org.openqa.selenium.remote.ErrorHandler.createThrowable(ErrorHandler.java:206)
at org.openqa.selenium.remote.ErrorHandler.throwIfResponseFailed(ErrorHandler.java:158)
at org.openqa.selenium.remote.RemoteWebDriver.execute(RemoteWebDriver.java:678)
at io.appium.java_client.DefaultGenericMobileDriver.execute(DefaultGenericMobileDriver.java:40)
at io.appium.java_client.AppiumDriver.execute(AppiumDriver.java:1)
at io.appium.java_client.android.AndroidDriver.execute(AndroidDriver.java:1)
at org.openqa.selenium.remote.RemoteWebDriver.get(RemoteWebDriver.java:316)
at org.openqa.selenium.remote.RemoteWebDriver$RemoteNavigation.to(RemoteWebDriver.java:969)
at com.Nm.Msite_stage.NetmedsFirst.laucnh(NetmedsFirst.java:95)
at sun.reflect.NativeMethodAccessorImpl.invoke0(Native Method)
at sun.reflect.NativeMethodAccessorImpl.invoke(Unknown Source)
at sun.reflect.DelegatingMethodAccessorImpl.invoke(Unknown Source)
at java.lang.reflect.Method.invoke(Unknown Source)
at org.testng.internal.MethodInvocationHelper.invokeMethod(MethodInvocationHelper.java:124)
at org.testng.internal.Invoker.invokeMethod(Invoker.java:583)
at org.testng.internal.Invoker.invokeTestMethod(Invoker.java:719)
at org.testng.internal.Invoker.invokeTestMethods(Invoker.java:989)
at org.testng.internal.TestMethodWorker.invokeTestMethods(TestMethodWorker.java:125)
at org.testng.internal.TestMethodWorker.run(TestMethodWorker.java:109)
at org.testng.TestRunner.privateRun(TestRunner.java:648)
at org.testng.TestRunner.run(TestRunner.java:505)
at org.testng.SuiteRunner.runTest(SuiteRunner.java:455)
at org.testng.SuiteRunner.runSequentially(SuiteRunner.java:450)
at org.testng.SuiteRunner.privateRun(SuiteRunner.java:415)
at org.testng.SuiteRunner.run(SuiteRunner.java:364)
at org.testng.SuiteRunnerWorker.runSuite(SuiteRunnerWorker.java:52)
at org.testng.SuiteRunnerWorker.run(SuiteRunnerWorker.java:84)
at org.testng.TestNG.runSuitesSequentially(TestNG.java:1208)
at org.testng.TestNG.runSuitesLocally(TestNG.java:1137)
at org.testng.TestNG.runSuites(TestNG.java:1049)
at org.testng.TestNG.run(TestNG.java:1017)
at org.testng.remote.AbstractRemoteTestNG.run(AbstractRemoteTestNG.java:114)
at org.testng.remote.RemoteTestNG.initAndRun(RemoteTestNG.java:251)
at org.testng.remote.RemoteTestNG.main(RemoteTestNG.java:77)
]]>
    </failure>
  </testcase> <!-- laucnh -->
</testsuite> <!-- Default test -->
