<?xml version="1.0" encoding="UTF-8"?>
<!-- Generated by org.testng.reporters.JUnitXMLReporter -->
<testsuite ignored="1" hostname="NMSLAP356" failures="0" tests="2" name="Default test" time="270.006" errors="0" timestamp="2021-09-07T11:49:45 IST">
  <testcase classname="com.Nm.Website_live.PDP_Combo" name="ferquentlyBought" time="110.128">
    <skipped/>
  </testcase> <!-- ferquentlyBought -->
  <testcase classname="com.Nm.Website_live.PDP_Combo" name="ferquentlyBought" time="149.487"/>
  <testcase classname="com.Nm.Website_live.PDP_Combo" name="offersAvail" time="0.0">
    <ignored/>
  </testcase> <!-- offersAvail -->
</testsuite> <!-- Default test -->
