<?xml version="1.0" encoding="UTF-8"?>
<!-- Generated by org.testng.reporters.JUnitXMLReporter -->
<testsuite ignored="1" hostname="NMSLAP356" failures="0" tests="1" name="Default test" time="194.014" errors="0" timestamp="2021-12-10T12:53:03 IST">
  <testcase classname="com.Nm.Website_live.M1_Cod" name="cash_On_delivery_Check_5000" time="181.718"/>
  <testcase classname="com.Nm.Website_live.M1_Cod" name="cash_On_delivery_Check" time="0.0">
    <ignored/>
  </testcase> <!-- cash_On_delivery_Check -->
</testsuite> <!-- Default test -->
