<?xml version="1.0" encoding="UTF-8"?>
<!-- Generated by org.testng.reporters.JUnitXMLReporter -->
<testsuite ignored="0" hostname="NMSLAP356" failures="1" tests="1" name="Default test" time="212.174" errors="0" timestamp="2022-01-06T15:37:28 IST">
  <testcase classname="com.Nm.Msite_stage.Msite_PDP_Page" name="productDetails" time="195.225">
    <failure type="org.openqa.selenium.TimeoutException" message="Timed out after 30 seconds waiting for visibility of Proxy element for: DefaultElementLocator &amp;apos;By.xpath: (//*[@id=&amp;apos;row_itmdiscprice_100376&amp;apos;])[2]|//*[@css=&amp;apos;DIV.discount-val&amp;apos;]&amp;apos;
Build info: version: &amp;apos;2.52.0&amp;apos;, revision: &amp;apos;4c2593cfc3689a7fcd7be52549167e5ccc93ad28&amp;apos;, time: &amp;apos;2016-02-11 11:22:43&amp;apos;
System info: host: &amp;apos;NMSLAP356&amp;apos;, ip: &amp;apos;192.168.8.100&amp;apos;, os.name: &amp;apos;Windows 10&amp;apos;, os.arch: &amp;apos;amd64&amp;apos;, os.version: &amp;apos;10.0&amp;apos;, java.version: &amp;apos;15.0.2&amp;apos;
Driver info: io.appium.java_client.android.AndroidDriver
Capabilities [{appPackage=com.android.chrome, device.majorVersion=11, dontGoHomeOnQuit=false, device.os=Android, noReset=true, dontStopAppOnReset=false, applicationClearData=false, reservationDuration=240, reportFormat=xml, fullReset=false, platform=ANY, deviceUDID=RZ8R20GLXTA, install.only.for.update=false, desired={appPackage=com.android.chrome, appActivity=com.google.android.apps.chrome.Main, noReset=true, autoDismissAlerts=true, platformName=Android}, device.serialNumber=RZ8R20GLXTA, locationServicesAuthorized=false, device.version=11, reportDirectory=reports, autoWebview=false, platformName=Android, udid=RZ8R20GLXTA, testName=mobile test 01/06/22 03:33 PM, device.screenSize=720x1600, useKeystore=false, test.type=Mobile, commandTimeouts=120000, device.manufacture=samsung, instrumentApp=false, appiumVersion=1.8.0, device.category=PHONE, autoDismissAlerts=true, reportUrl=C:\Users\NMSLAP356\appiumstudio-reports\reports\test225, newSessionWaitTimeout=600, keystorePath=~/.android/debug.keystore, appActivity=com.google.android.apps.chrome.Main, installOnlyForUpdate=false, waitForDeviceTimeout=120000, device.model=SM-A125F, device.name=SM-A125F, autoGrantPermissions=false, appBuildVersion=, appReleaseVersion=, takeScreenshots=true, projectName=, autoAcceptAlerts=false}]
Session ID: 2ac9e37b-54a4-444c-92ac-5090f14bee8b">
      <![CDATA[org.openqa.selenium.TimeoutException: Timed out after 30 seconds waiting for visibility of Proxy element for: DefaultElementLocator 'By.xpath: (//*[@id='row_itmdiscprice_100376'])[2]|//*[@css='DIV.discount-val']'
Build info: version: '2.52.0', revision: '4c2593cfc3689a7fcd7be52549167e5ccc93ad28', time: '2016-02-11 11:22:43'
System info: host: 'NMSLAP356', ip: '192.168.8.100', os.name: 'Windows 10', os.arch: 'amd64', os.version: '10.0', java.version: '15.0.2'
Driver info: io.appium.java_client.android.AndroidDriver
Capabilities [{appPackage=com.android.chrome, device.majorVersion=11, dontGoHomeOnQuit=false, device.os=Android, noReset=true, dontStopAppOnReset=false, applicationClearData=false, reservationDuration=240, reportFormat=xml, fullReset=false, platform=ANY, deviceUDID=RZ8R20GLXTA, install.only.for.update=false, desired={appPackage=com.android.chrome, appActivity=com.google.android.apps.chrome.Main, noReset=true, autoDismissAlerts=true, platformName=Android}, device.serialNumber=RZ8R20GLXTA, locationServicesAuthorized=false, device.version=11, reportDirectory=reports, autoWebview=false, platformName=Android, udid=RZ8R20GLXTA, testName=mobile test 01/06/22 03:33 PM, device.screenSize=720x1600, useKeystore=false, test.type=Mobile, commandTimeouts=120000, device.manufacture=samsung, instrumentApp=false, appiumVersion=1.8.0, device.category=PHONE, autoDismissAlerts=true, reportUrl=C:\Users\NMSLAP356\appiumstudio-reports\reports\test225, newSessionWaitTimeout=600, keystorePath=~/.android/debug.keystore, appActivity=com.google.android.apps.chrome.Main, installOnlyForUpdate=false, waitForDeviceTimeout=120000, device.model=SM-A125F, device.name=SM-A125F, autoGrantPermissions=false, appBuildVersion=, appReleaseVersion=, takeScreenshots=true, projectName=, autoAcceptAlerts=false}]
Session ID: 2ac9e37b-54a4-444c-92ac-5090f14bee8b
at org.openqa.selenium.support.ui.WebDriverWait.timeoutException(WebDriverWait.java:80)
at org.openqa.selenium.support.ui.FluentWait.until(FluentWait.java:261)
at com.Nm.Base.MsiteBaseClass.gettext(MsiteBaseClass.java:150)
at com.Nm.Msite_stage.Msite_PDP_Page.productDetails(Msite_PDP_Page.java:354)
at java.base/jdk.internal.reflect.NativeMethodAccessorImpl.invoke0(Native Method)
at java.base/jdk.internal.reflect.NativeMethodAccessorImpl.invoke(NativeMethodAccessorImpl.java:64)
at java.base/jdk.internal.reflect.DelegatingMethodAccessorImpl.invoke(DelegatingMethodAccessorImpl.java:43)
at java.base/java.lang.reflect.Method.invoke(Method.java:564)
at org.testng.internal.MethodInvocationHelper.invokeMethod(MethodInvocationHelper.java:133)
at org.testng.internal.TestInvoker.invokeMethod(TestInvoker.java:598)
at org.testng.internal.TestInvoker.invokeTestMethod(TestInvoker.java:173)
at org.testng.internal.MethodRunner.runInSequence(MethodRunner.java:46)
at org.testng.internal.TestInvoker$MethodInvocationAgent.invoke(TestInvoker.java:824)
at org.testng.internal.TestInvoker.invokeTestMethods(TestInvoker.java:146)
at org.testng.internal.TestMethodWorker.invokeTestMethods(TestMethodWorker.java:146)
at org.testng.internal.TestMethodWorker.run(TestMethodWorker.java:128)
at java.base/java.util.ArrayList.forEach(ArrayList.java:1511)
at org.testng.TestRunner.privateRun(TestRunner.java:794)
at org.testng.TestRunner.run(TestRunner.java:596)
at org.testng.SuiteRunner.runTest(SuiteRunner.java:377)
at org.testng.SuiteRunner.runSequentially(SuiteRunner.java:371)
at org.testng.SuiteRunner.privateRun(SuiteRunner.java:332)
at org.testng.SuiteRunner.run(SuiteRunner.java:276)
at org.testng.SuiteRunnerWorker.runSuite(SuiteRunnerWorker.java:53)
at org.testng.SuiteRunnerWorker.run(SuiteRunnerWorker.java:96)
at org.testng.TestNG.runSuitesSequentially(TestNG.java:1212)
at org.testng.TestNG.runSuitesLocally(TestNG.java:1134)
at org.testng.TestNG.runSuites(TestNG.java:1063)
at org.testng.TestNG.run(TestNG.java:1031)
at org.testng.remote.AbstractRemoteTestNG.run(AbstractRemoteTestNG.java:115)
at org.testng.remote.RemoteTestNG.initAndRun(RemoteTestNG.java:251)
at org.testng.remote.RemoteTestNG.main(RemoteTestNG.java:77)
Caused by: org.openqa.selenium.NoSuchElementException: no such element (An element could not be located on the page using the given search parameters (XPATH='(//*[@id='row_itmdiscprice_100376'])[2]|//*[@css='DIV.discount-val']'))  (WARNING: The server did not provide any stacktrace information)
Command duration or timeout: 1.09 seconds
For documentation on this error, please visit: http://seleniumhq.org/exceptions/no_such_element.html
Build info: version: '2.52.0', revision: '4c2593cfc3689a7fcd7be52549167e5ccc93ad28', time: '2016-02-11 11:22:43'
System info: host: 'NMSLAP356', ip: '192.168.8.100', os.name: 'Windows 10', os.arch: 'amd64', os.version: '10.0', java.version: '15.0.2'
Driver info: io.appium.java_client.android.AndroidDriver
Capabilities [{appPackage=com.android.chrome, device.majorVersion=11, dontGoHomeOnQuit=false, device.os=Android, noReset=true, dontStopAppOnReset=false, applicationClearData=false, reservationDuration=240, reportFormat=xml, fullReset=false, platform=ANY, deviceUDID=RZ8R20GLXTA, install.only.for.update=false, desired={appPackage=com.android.chrome, appActivity=com.google.android.apps.chrome.Main, noReset=true, autoDismissAlerts=true, platformName=Android}, device.serialNumber=RZ8R20GLXTA, locationServicesAuthorized=false, device.version=11, reportDirectory=reports, autoWebview=false, platformName=Android, udid=RZ8R20GLXTA, testName=mobile test 01/06/22 03:33 PM, device.screenSize=720x1600, useKeystore=false, test.type=Mobile, commandTimeouts=120000, device.manufacture=samsung, instrumentApp=false, appiumVersion=1.8.0, device.category=PHONE, autoDismissAlerts=true, reportUrl=C:\Users\NMSLAP356\appiumstudio-reports\reports\test225, newSessionWaitTimeout=600, keystorePath=~/.android/debug.keystore, appActivity=com.google.android.apps.chrome.Main, installOnlyForUpdate=false, waitForDeviceTimeout=120000, device.model=SM-A125F, device.name=SM-A125F, autoGrantPermissions=false, appBuildVersion=, appReleaseVersion=, takeScreenshots=true, projectName=, autoAcceptAlerts=false}]
Session ID: 2ac9e37b-54a4-444c-92ac-5090f14bee8b
*** Element info: {Using=xpath, value=(//*[@id='row_itmdiscprice_100376'])[2]|//*[@css='DIV.discount-val']}
at jdk.internal.reflect.GeneratedConstructorAccessor22.newInstance(Unknown Source)
at java.base/jdk.internal.reflect.DelegatingConstructorAccessorImpl.newInstance(DelegatingConstructorAccessorImpl.java:45)
at java.base/java.lang.reflect.Constructor.newInstanceWithCaller(Constructor.java:500)
at java.base/java.lang.reflect.Constructor.newInstance(Constructor.java:481)
at org.openqa.selenium.remote.ErrorHandler.createThrowable(ErrorHandler.java:206)
at org.openqa.selenium.remote.ErrorHandler.throwIfResponseFailed(ErrorHandler.java:158)
at org.openqa.selenium.remote.RemoteWebDriver.execute(RemoteWebDriver.java:678)
at io.appium.java_client.DefaultGenericMobileDriver.execute(DefaultGenericMobileDriver.java:40)
at io.appium.java_client.AppiumDriver.execute(AppiumDriver.java:1)
at io.appium.java_client.android.AndroidDriver.execute(AndroidDriver.java:1)
at org.openqa.selenium.remote.RemoteWebDriver.findElement(RemoteWebDriver.java:363)
at io.appium.java_client.DefaultGenericMobileDriver.findElement(DefaultGenericMobileDriver.java:56)
at io.appium.java_client.AppiumDriver.findElement(AppiumDriver.java:1)
at io.appium.java_client.android.AndroidDriver.findElement(AndroidDriver.java:1)
at org.openqa.selenium.remote.RemoteWebDriver.findElementByXPath(RemoteWebDriver.java:500)
at io.appium.java_client.DefaultGenericMobileDriver.findElementByXPath(DefaultGenericMobileDriver.java:134)
at io.appium.java_client.AppiumDriver.findElementByXPath(AppiumDriver.java:1)
at io.appium.java_client.android.AndroidDriver.findElementByXPath(AndroidDriver.java:1)
at org.openqa.selenium.By$ByXPath.findElement(By.java:361)
at org.openqa.selenium.remote.RemoteWebDriver.findElement(RemoteWebDriver.java:355)
at io.appium.java_client.DefaultGenericMobileDriver.findElement(DefaultGenericMobileDriver.java:52)
at io.appium.java_client.AppiumDriver.findElement(AppiumDriver.java:1)
at io.appium.java_client.android.AndroidDriver.findElement(AndroidDriver.java:1)
at org.openqa.selenium.support.pagefactory.DefaultElementLocator.findElement(DefaultElementLocator.java:69)
at org.openqa.selenium.support.pagefactory.internal.LocatingElementHandler.invoke(LocatingElementHandler.java:38)
at com.sun.proxy.$Proxy12.isDisplayed(Unknown Source)
at org.openqa.selenium.support.ui.ExpectedConditions.elementIfVisible(ExpectedConditions.java:302)
at org.openqa.selenium.support.ui.ExpectedConditions.access$100(ExpectedConditions.java:41)
at org.openqa.selenium.support.ui.ExpectedConditions$10.apply(ExpectedConditions.java:288)
at org.openqa.selenium.support.ui.ExpectedConditions$10.apply(ExpectedConditions.java:285)
at org.openqa.selenium.support.ui.FluentWait.until(FluentWait.java:238)
... 30 more
]]>
    </failure>
  </testcase> <!-- productDetails -->
</testsuite> <!-- Default test -->
