<?xml version="1.0" encoding="UTF-8"?>
<!-- Generated by org.testng.reporters.JUnitXMLReporter -->
<testsuite ignored="0" hostname="NMSLAP356" failures="0" tests="4" name="Default test" time="446.325" errors="0" timestamp="2021-07-21T14:57:05 IST">
  <testcase classname="com.Nm.Website.M2_Flow_Search" name="autoIt_Upload_SearchMedicine" time="114.951"/>
  <testcase classname="com.Nm.Website.M2_Flow_Search" name="call_Upload" time="71.697"/>
  <testcase classname="com.Nm.Website.M2_Flow_Search" name="m2_getCall" time="144.192"/>
  <testcase classname="com.Nm.Website.M2_Flow_Search" name="m2_searchMedicine" time="91.186"/>
</testsuite> <!-- Default test -->
