<?xml version="1.0" encoding="UTF-8"?>
<!-- Generated by org.testng.reporters.JUnitXMLReporter -->
<testsuite ignored="2" hostname="LAPTOP-AD2BG20M" failures="0" tests="1" name="Default test" time="130.973" errors="0" timestamp="2021-07-19T15:59:31 IST">
  <testcase classname="com.Nm.Website.CartPage" name="carpagescenariotwo" time="122.756"/>
  <testcase classname="com.Nm.Website.CartPage" name="cartpagescenarioone" time="0.0">
    <ignored/>
  </testcase> <!-- cartpagescenarioone -->
  <testcase classname="com.Nm.Website.CartPage" name="carpagescenariothree" time="0.0">
    <ignored/>
  </testcase> <!-- carpagescenariothree -->
</testsuite> <!-- Default test -->
