<?xml version="1.0" encoding="UTF-8"?>
<!-- Generated by org.testng.reporters.JUnitXMLReporter -->
<testsuite ignored="0" hostname="NMSLAP356" failures="0" tests="4" name="Default test" time="0.599" errors="0" timestamp="2021-07-01T17:19:16 IST">
  <testcase classname="com.Nm.Base.BaseClass" name="@BeforeClass launchbrowser" time="0.11">
    <failure type="java.lang.IllegalStateException" message="The driver executable does not exist: D:\Eclipse_WorkSpace\Automation\input\chromedriver.exe">
      <![CDATA[java.lang.IllegalStateException: The driver executable does not exist: D:\Eclipse_WorkSpace\Automation\input\chromedriver.exe
at com.google.common.base.Preconditions.checkState(Preconditions.java:199)
at org.openqa.selenium.remote.service.DriverService.checkExecutable(DriverService.java:121)
at org.openqa.selenium.remote.service.DriverService.findExecutable(DriverService.java:116)
at org.openqa.selenium.chrome.ChromeDriverService.access$000(ChromeDriverService.java:32)
at org.openqa.selenium.chrome.ChromeDriverService$Builder.findDefaultExecutable(ChromeDriverService.java:137)
at org.openqa.selenium.remote.service.DriverService$Builder.build(DriverService.java:296)
at org.openqa.selenium.chrome.ChromeDriverService.createDefaultService(ChromeDriverService.java:88)
at org.openqa.selenium.chrome.ChromeDriver.<init>(ChromeDriver.java:116)
at com.Nm.Base.BaseClass.launchbrowser(BaseClass.java:57)
at java.base/jdk.internal.reflect.NativeMethodAccessorImpl.invoke0(Native Method)
at java.base/jdk.internal.reflect.NativeMethodAccessorImpl.invoke(NativeMethodAccessorImpl.java:64)
at java.base/jdk.internal.reflect.DelegatingMethodAccessorImpl.invoke(DelegatingMethodAccessorImpl.java:43)
at java.base/java.lang.reflect.Method.invoke(Method.java:564)
at org.testng.internal.MethodInvocationHelper.invokeMethod(MethodInvocationHelper.java:133)
at org.testng.internal.MethodInvocationHelper.invokeMethodConsideringTimeout(MethodInvocationHelper.java:62)
at org.testng.internal.ConfigInvoker.invokeConfigurationMethod(ConfigInvoker.java:385)
at org.testng.internal.ConfigInvoker.invokeConfigurations(ConfigInvoker.java:321)
at org.testng.internal.TestMethodWorker.invokeBeforeClassMethods(TestMethodWorker.java:176)
at org.testng.internal.TestMethodWorker.run(TestMethodWorker.java:122)
at java.base/java.util.ArrayList.forEach(ArrayList.java:1511)
at org.testng.TestRunner.privateRun(TestRunner.java:794)
at org.testng.TestRunner.run(TestRunner.java:596)
at org.testng.SuiteRunner.runTest(SuiteRunner.java:377)
at org.testng.SuiteRunner.runSequentially(SuiteRunner.java:371)
at org.testng.SuiteRunner.privateRun(SuiteRunner.java:332)
at org.testng.SuiteRunner.run(SuiteRunner.java:276)
at org.testng.SuiteRunnerWorker.runSuite(SuiteRunnerWorker.java:53)
at org.testng.SuiteRunnerWorker.run(SuiteRunnerWorker.java:96)
at org.testng.TestNG.runSuitesSequentially(TestNG.java:1212)
at org.testng.TestNG.runSuitesLocally(TestNG.java:1134)
at org.testng.TestNG.runSuites(TestNG.java:1063)
at org.testng.TestNG.run(TestNG.java:1031)
at org.testng.remote.AbstractRemoteTestNG.run(AbstractRemoteTestNG.java:115)
at org.testng.remote.RemoteTestNG.initAndRun(RemoteTestNG.java:251)
at org.testng.remote.RemoteTestNG.main(RemoteTestNG.java:77)
]]>
    </failure>
  </testcase> <!-- @BeforeClass launchbrowser -->
  <testcase classname="com.Nm.Website.M2_Flow_Search" name="@AfterMethod screenShot" time="-1.625140156458E9">
    <skipped/>
  </testcase> <!-- @AfterMethod screenShot -->
  <testcase classname="com.Nm.Website.M2_Flow_Search" name="@AfterMethod screenShot" time="-1.625140156475E9">
    <skipped/>
  </testcase> <!-- @AfterMethod screenShot -->
  <testcase classname="com.Nm.Website.M2_Flow_Search" name="@AfterMethod screenShot" time="-1.625140156491E9">
    <skipped/>
  </testcase> <!-- @AfterMethod screenShot -->
  <testcase classname="com.Nm.Website.M2_Flow_Search" name="@AfterMethod screenShot" time="-1.625140156505E9">
    <skipped/>
  </testcase> <!-- @AfterMethod screenShot -->
  <testcase classname="com.Nm.Website.M2_Flow_Search" name="@AfterTest quitbrowser" time="-1.625140156513E9">
    <skipped/>
  </testcase> <!-- @AfterTest quitbrowser -->
  <testcase classname="com.Nm.Website.M2_Flow_Search" name="autoIt_Upload" time="0.0">
    <skipped/>
  </testcase> <!-- autoIt_Upload -->
  <testcase classname="com.Nm.Website.M2_Flow_Search" name="autoIt_Upload_SearchMedicine" time="0.0">
    <skipped/>
  </testcase> <!-- autoIt_Upload_SearchMedicine -->
  <testcase classname="com.Nm.Website.M2_Flow_Search" name="m2_getCall" time="0.0">
    <skipped/>
  </testcase> <!-- m2_getCall -->
  <testcase classname="com.Nm.Website.M2_Flow_Search" name="m2_searchMedicine" time="0.0">
    <skipped/>
  </testcase> <!-- m2_searchMedicine -->
</testsuite> <!-- Default test -->
