<?xml version="1.0" encoding="UTF-8"?>
<!-- Generated by org.testng.reporters.JUnitXMLReporter -->
<testsuite ignored="0" hostname="NMSLAP356" failures="0" tests="3" name="Default test" time="332.498" errors="0" timestamp="2021-08-02T11:30:34 IST">
  <testcase classname="com.Nm.Website.GuestCartLogin" name="search_guestLogin" time="73.616"/>
  <testcase classname="com.Nm.Website.GuestCartLogin" name="pdp_guestLogin" time="143.16"/>
  <testcase classname="com.Nm.Website.GuestCartLogin" name="cartPage_Guestlogin" time="93.724"/>
</testsuite> <!-- Default test -->
