<?xml version="1.0" encoding="UTF-8"?>
<!-- Generated by org.testng.reporters.JUnitXMLReporter -->
<testsuite hostname="NMSLAP093" ignored="0" name="Default test" tests="1" failures="1" timestamp="23 Nov 2021 16:52:00 GMT" time="434.089" errors="0">
  <testcase name="paymentpage" time="420.536" classname="com.Nm.Msite_stage.Paymentpage">
    <failure type="org.openqa.selenium.NoSuchElementException" message="no such element (An element could not be located on the page using the given search parameters (XPATH=&amp;apos;//*[@text=&amp;apos;Retry&amp;apos;]&amp;apos;))  (WARNING: The server did not provide any stacktrace information)
Command duration or timeout: 1.38 seconds
For documentation on this error, please visit: http://seleniumhq.org/exceptions/no_such_element.html
Build info: version: &amp;apos;2.52.0&amp;apos;, revision: &amp;apos;4c2593cfc3689a7fcd7be52549167e5ccc93ad28&amp;apos;, time: &amp;apos;2016-02-11 11:22:43&amp;apos;
System info: host: &amp;apos;NMSLAP093&amp;apos;, ip: &amp;apos;192.168.1.101&amp;apos;, os.name: &amp;apos;Windows 10&amp;apos;, os.arch: &amp;apos;amd64&amp;apos;, os.version: &amp;apos;10.0&amp;apos;, java.version: &amp;apos;1.8.0_221&amp;apos;
Driver info: io.appium.java_client.android.AndroidDriver
Capabilities [{device.majorVersion=10, dontGoHomeOnQuit=false, device.os=Android, noReset=true, dontStopAppOnReset=false, applicationClearData=false, reservationDuration=240, reportFormat=xml, fullReset=false, platform=ANY, deviceUDID=NBBY79GM5LTCJBJR, install.only.for.update=false, desired={noReset=true, browserName=Chromium, autoDismissAlerts=true, platformName=Android, udid=NBBY79GM5LTCJBJR}, device.serialNumber=NBBY79GM5LTCJBJR, locationServicesAuthorized=false, device.version=10, browserName=Chromium, reportDirectory=reports, autoWebview=false, platformName=Android, udid=NBBY79GM5LTCJBJR, testName=mobile test 11/23/21 10:14 PM, device.screenSize=1080x2340, useKeystore=false, test.type=Mobile, commandTimeouts=120000, device.manufacture=vivo, instrumentApp=false, appiumVersion=1.8.0, device.category=PHONE, autoDismissAlerts=true, reportUrl=C:\Users\Admin\appiumstudio-reports\reports\test809, newSessionWaitTimeout=600, keystorePath=~/.android/debug.keystore, installOnlyForUpdate=false, waitForDeviceTimeout=120000, device.model=vivo 1819, device.name=vivo 1819, autoGrantPermissions=false, appBuildVersion=, appReleaseVersion=, takeScreenshots=true, projectName=, autoAcceptAlerts=false}]
Session ID: bb40245f-4bf3-43b1-a732-cb3d5850086c
*** Element info: {Using=xpath, value=//*[@text=&amp;apos;Retry&amp;apos;]}">
      <![CDATA[org.openqa.selenium.NoSuchElementException: no such element (An element could not be located on the page using the given search parameters (XPATH='//*[@text='Retry']'))  (WARNING: The server did not provide any stacktrace information)
Command duration or timeout: 1.38 seconds
For documentation on this error, please visit: http://seleniumhq.org/exceptions/no_such_element.html
Build info: version: '2.52.0', revision: '4c2593cfc3689a7fcd7be52549167e5ccc93ad28', time: '2016-02-11 11:22:43'
System info: host: 'NMSLAP093', ip: '192.168.1.101', os.name: 'Windows 10', os.arch: 'amd64', os.version: '10.0', java.version: '1.8.0_221'
Driver info: io.appium.java_client.android.AndroidDriver
Capabilities [{device.majorVersion=10, dontGoHomeOnQuit=false, device.os=Android, noReset=true, dontStopAppOnReset=false, applicationClearData=false, reservationDuration=240, reportFormat=xml, fullReset=false, platform=ANY, deviceUDID=NBBY79GM5LTCJBJR, install.only.for.update=false, desired={noReset=true, browserName=Chromium, autoDismissAlerts=true, platformName=Android, udid=NBBY79GM5LTCJBJR}, device.serialNumber=NBBY79GM5LTCJBJR, locationServicesAuthorized=false, device.version=10, browserName=Chromium, reportDirectory=reports, autoWebview=false, platformName=Android, udid=NBBY79GM5LTCJBJR, testName=mobile test 11/23/21 10:14 PM, device.screenSize=1080x2340, useKeystore=false, test.type=Mobile, commandTimeouts=120000, device.manufacture=vivo, instrumentApp=false, appiumVersion=1.8.0, device.category=PHONE, autoDismissAlerts=true, reportUrl=C:\Users\Admin\appiumstudio-reports\reports\test809, newSessionWaitTimeout=600, keystorePath=~/.android/debug.keystore, installOnlyForUpdate=false, waitForDeviceTimeout=120000, device.model=vivo 1819, device.name=vivo 1819, autoGrantPermissions=false, appBuildVersion=, appReleaseVersion=, takeScreenshots=true, projectName=, autoAcceptAlerts=false}]
Session ID: bb40245f-4bf3-43b1-a732-cb3d5850086c
*** Element info: {Using=xpath, value=//*[@text='Retry']}
at sun.reflect.NativeConstructorAccessorImpl.newInstance0(Native Method)
at sun.reflect.NativeConstructorAccessorImpl.newInstance(Unknown Source)
at sun.reflect.DelegatingConstructorAccessorImpl.newInstance(Unknown Source)
at java.lang.reflect.Constructor.newInstance(Unknown Source)
at org.openqa.selenium.remote.ErrorHandler.createThrowable(ErrorHandler.java:206)
at org.openqa.selenium.remote.ErrorHandler.throwIfResponseFailed(ErrorHandler.java:158)
at org.openqa.selenium.remote.RemoteWebDriver.execute(RemoteWebDriver.java:678)
at io.appium.java_client.DefaultGenericMobileDriver.execute(DefaultGenericMobileDriver.java:40)
at io.appium.java_client.AppiumDriver.execute(AppiumDriver.java:1)
at io.appium.java_client.android.AndroidDriver.execute(AndroidDriver.java:1)
at org.openqa.selenium.remote.RemoteWebDriver.findElement(RemoteWebDriver.java:363)
at io.appium.java_client.DefaultGenericMobileDriver.findElement(DefaultGenericMobileDriver.java:56)
at io.appium.java_client.AppiumDriver.findElement(AppiumDriver.java:1)
at io.appium.java_client.android.AndroidDriver.findElement(AndroidDriver.java:1)
at org.openqa.selenium.remote.RemoteWebDriver.findElementByXPath(RemoteWebDriver.java:500)
at io.appium.java_client.DefaultGenericMobileDriver.findElementByXPath(DefaultGenericMobileDriver.java:134)
at io.appium.java_client.AppiumDriver.findElementByXPath(AppiumDriver.java:1)
at io.appium.java_client.android.AndroidDriver.findElementByXPath(AndroidDriver.java:1)
at org.openqa.selenium.By$ByXPath.findElement(By.java:361)
at org.openqa.selenium.remote.RemoteWebDriver.findElement(RemoteWebDriver.java:355)
at io.appium.java_client.DefaultGenericMobileDriver.findElement(DefaultGenericMobileDriver.java:52)
at io.appium.java_client.AppiumDriver.findElement(AppiumDriver.java:1)
at io.appium.java_client.android.AndroidDriver.findElement(AndroidDriver.java:1)
at org.openqa.selenium.support.pagefactory.DefaultElementLocator.findElement(DefaultElementLocator.java:69)
at org.openqa.selenium.support.pagefactory.internal.LocatingElementHandler.invoke(LocatingElementHandler.java:38)
at com.sun.proxy.$Proxy9.click(Unknown Source)
at com.Nm.Base.MsiteBaseClass.btnclick(MsiteBaseClass.java:99)
at com.Nm.Msite_stage.Paymentpage.paymentpage(Paymentpage.java:397)
at sun.reflect.NativeMethodAccessorImpl.invoke0(Native Method)
at sun.reflect.NativeMethodAccessorImpl.invoke(Unknown Source)
at sun.reflect.DelegatingMethodAccessorImpl.invoke(Unknown Source)
at java.lang.reflect.Method.invoke(Unknown Source)
at org.testng.internal.MethodInvocationHelper.invokeMethod(MethodInvocationHelper.java:124)
at org.testng.internal.Invoker.invokeMethod(Invoker.java:583)
at org.testng.internal.Invoker.invokeTestMethod(Invoker.java:719)
at org.testng.internal.Invoker.invokeTestMethods(Invoker.java:989)
at org.testng.internal.TestMethodWorker.invokeTestMethods(TestMethodWorker.java:125)
at org.testng.internal.TestMethodWorker.run(TestMethodWorker.java:109)
at org.testng.TestRunner.privateRun(TestRunner.java:648)
at org.testng.TestRunner.run(TestRunner.java:505)
at org.testng.SuiteRunner.runTest(SuiteRunner.java:455)
at org.testng.SuiteRunner.runSequentially(SuiteRunner.java:450)
at org.testng.SuiteRunner.privateRun(SuiteRunner.java:415)
at org.testng.SuiteRunner.run(SuiteRunner.java:364)
at org.testng.SuiteRunnerWorker.runSuite(SuiteRunnerWorker.java:52)
at org.testng.SuiteRunnerWorker.run(SuiteRunnerWorker.java:84)
at org.testng.TestNG.runSuitesSequentially(TestNG.java:1208)
at org.testng.TestNG.runSuitesLocally(TestNG.java:1137)
at org.testng.TestNG.runSuites(TestNG.java:1049)
at org.testng.TestNG.run(TestNG.java:1017)
at org.testng.remote.AbstractRemoteTestNG.run(AbstractRemoteTestNG.java:114)
at org.testng.remote.RemoteTestNG.initAndRun(RemoteTestNG.java:251)
at org.testng.remote.RemoteTestNG.main(RemoteTestNG.java:77)
]]>
    </failure>
  </testcase> <!-- paymentpage -->
</testsuite> <!-- Default test -->
