<?xml version="1.0" encoding="UTF-8"?>
<!-- Generated by org.testng.reporters.JUnitXMLReporter -->
<testsuite ignored="0" hostname="NMSLAP356" failures="0" tests="4" name="Default test" time="437.445" errors="0" timestamp="2021-07-07T10:28:30 IST">
  <testcase classname="com.Nm.Website.M2_Flow_Search" name="autoIt_Upload" time="85.587"/>
  <testcase classname="com.Nm.Website.M2_Flow_Search" name="autoIt_Upload_SearchMedicine" time="93.492"/>
  <testcase classname="com.Nm.Website.M2_Flow_Search" name="m2_getCall" time="143.481"/>
  <testcase classname="com.Nm.Website.M2_Flow_Search" name="m2_searchMedicine" time="88.88"/>
</testsuite> <!-- Default test -->
