<?xml version="1.0" encoding="UTF-8"?>
<!-- Generated by org.testng.reporters.JUnitXMLReporter -->
<testsuite hostname="NMSLAP093" ignored="0" name="Default test" tests="1" failures="1" timestamp="22 Dec 2021 18:21:29 GMT" time="81.116" errors="0">
  <testcase name="@AfterMethod screenShot" time="7.293" classname="com.Nm.Andriod_prod.Youraccount_OffersPage">
    <failure type="java.lang.NullPointerException">
      <![CDATA[java.lang.NullPointerException
at com.Nm.Base.BaseClass.mail_report(BaseClass.java:437)
at com.Nm.Andriod_prod.Youraccount_OffersPage.screenShot(Youraccount_OffersPage.java:400)
at sun.reflect.NativeMethodAccessorImpl.invoke0(Native Method)
at sun.reflect.NativeMethodAccessorImpl.invoke(Unknown Source)
at sun.reflect.DelegatingMethodAccessorImpl.invoke(Unknown Source)
at java.lang.reflect.Method.invoke(Unknown Source)
at org.testng.internal.MethodInvocationHelper.invokeMethod(MethodInvocationHelper.java:124)
at org.testng.internal.MethodInvocationHelper.invokeMethodConsideringTimeout(MethodInvocationHelper.java:59)
at org.testng.internal.Invoker.invokeConfigurationMethod(Invoker.java:458)
at org.testng.internal.Invoker.invokeConfigurations(Invoker.java:222)
at org.testng.internal.Invoker.invokeMethod(Invoker.java:646)
at org.testng.internal.Invoker.invokeTestMethod(Invoker.java:719)
at org.testng.internal.Invoker.invokeTestMethods(Invoker.java:989)
at org.testng.internal.TestMethodWorker.invokeTestMethods(TestMethodWorker.java:125)
at org.testng.internal.TestMethodWorker.run(TestMethodWorker.java:109)
at org.testng.TestRunner.privateRun(TestRunner.java:648)
at org.testng.TestRunner.run(TestRunner.java:505)
at org.testng.SuiteRunner.runTest(SuiteRunner.java:455)
at org.testng.SuiteRunner.runSequentially(SuiteRunner.java:450)
at org.testng.SuiteRunner.privateRun(SuiteRunner.java:415)
at org.testng.SuiteRunner.run(SuiteRunner.java:364)
at org.testng.SuiteRunnerWorker.runSuite(SuiteRunnerWorker.java:52)
at org.testng.SuiteRunnerWorker.run(SuiteRunnerWorker.java:84)
at org.testng.TestNG.runSuitesSequentially(TestNG.java:1208)
at org.testng.TestNG.runSuitesLocally(TestNG.java:1137)
at org.testng.TestNG.runSuites(TestNG.java:1049)
at org.testng.TestNG.run(TestNG.java:1017)
at org.testng.remote.AbstractRemoteTestNG.run(AbstractRemoteTestNG.java:114)
at org.testng.remote.RemoteTestNG.initAndRun(RemoteTestNG.java:251)
at org.testng.remote.RemoteTestNG.main(RemoteTestNG.java:77)
]]>
    </failure>
  </testcase> <!-- @AfterMethod screenShot -->
  <testcase name="@AfterTest quitbrowser" time="0.0" classname="com.Nm.Andriod_prod.Youraccount_OffersPage">
    <skipped/>
  </testcase> <!-- @AfterTest quitbrowser -->
  <testcase name="offersPage" time="62.006" classname="com.Nm.Andriod_prod.Youraccount_OffersPage">
    <failure type="org.openqa.selenium.NoSuchElementException" message="An element could not be located on the page using the given search parameters. (WARNING: The server did not provide any stacktrace information)
Command duration or timeout: 280 milliseconds
For documentation on this error, please visit: http://seleniumhq.org/exceptions/no_such_element.html
Build info: version: &amp;apos;2.52.0&amp;apos;, revision: &amp;apos;4c2593cfc3689a7fcd7be52549167e5ccc93ad28&amp;apos;, time: &amp;apos;2016-02-11 11:22:43&amp;apos;
System info: host: &amp;apos;NMSLAP093&amp;apos;, ip: &amp;apos;192.168.1.100&amp;apos;, os.name: &amp;apos;Windows 10&amp;apos;, os.arch: &amp;apos;amd64&amp;apos;, os.version: &amp;apos;10.0&amp;apos;, java.version: &amp;apos;1.8.0_221&amp;apos;
Driver info: io.appium.java_client.android.AndroidDriver
Capabilities [{appPackage=com.NetmedsMarketplace.Netmeds, statBarHeight=84, noReset=true, viewportRect={top=84, left=0, width=1080, height=2130}, deviceName=NBBY79GM5LTCJBJR, platform=LINUX, deviceUDID=NBBY79GM5LTCJBJR, desired={appPackage=com.NetmedsMarketplace.Netmeds, appActivity=com.netmedsmarketplace.netmeds.AppUriSchemeHandler, noReset=true, autoDismissAlerts=true, platformName=Android}, platformVersion=10, webStorageEnabled=false, takesScreenshot=true, javascriptEnabled=true, platformName=Android, deviceApiLevel=29, deviceManufacturer=vivo, deviceScreenSize=1080x2340, networkConnectionEnabled=true, warnings={}, autoDismissAlerts=true, databaseEnabled=false, appActivity=com.netmedsmarketplace.netmeds.AppUriSchemeHandler, pixelRatio=3, locationContextEnabled=false, deviceScreenDensity=480, deviceModel=vivo 1819}]
Session ID: 3fc047a6-0931-4250-9960-26d85858e136
*** Element info: {Using=xpath, value=(//android.widget.ImageView[@resource-id=&amp;apos;com.NetmedsMarketplace.Netmeds:id/img_offer_full_image&amp;apos;])[1]}">
      <![CDATA[org.openqa.selenium.NoSuchElementException: An element could not be located on the page using the given search parameters. (WARNING: The server did not provide any stacktrace information)
Command duration or timeout: 280 milliseconds
For documentation on this error, please visit: http://seleniumhq.org/exceptions/no_such_element.html
Build info: version: '2.52.0', revision: '4c2593cfc3689a7fcd7be52549167e5ccc93ad28', time: '2016-02-11 11:22:43'
System info: host: 'NMSLAP093', ip: '192.168.1.100', os.name: 'Windows 10', os.arch: 'amd64', os.version: '10.0', java.version: '1.8.0_221'
Driver info: io.appium.java_client.android.AndroidDriver
Capabilities [{appPackage=com.NetmedsMarketplace.Netmeds, statBarHeight=84, noReset=true, viewportRect={top=84, left=0, width=1080, height=2130}, deviceName=NBBY79GM5LTCJBJR, platform=LINUX, deviceUDID=NBBY79GM5LTCJBJR, desired={appPackage=com.NetmedsMarketplace.Netmeds, appActivity=com.netmedsmarketplace.netmeds.AppUriSchemeHandler, noReset=true, autoDismissAlerts=true, platformName=Android}, platformVersion=10, webStorageEnabled=false, takesScreenshot=true, javascriptEnabled=true, platformName=Android, deviceApiLevel=29, deviceManufacturer=vivo, deviceScreenSize=1080x2340, networkConnectionEnabled=true, warnings={}, autoDismissAlerts=true, databaseEnabled=false, appActivity=com.netmedsmarketplace.netmeds.AppUriSchemeHandler, pixelRatio=3, locationContextEnabled=false, deviceScreenDensity=480, deviceModel=vivo 1819}]
Session ID: 3fc047a6-0931-4250-9960-26d85858e136
*** Element info: {Using=xpath, value=(//android.widget.ImageView[@resource-id='com.NetmedsMarketplace.Netmeds:id/img_offer_full_image'])[1]}
at sun.reflect.NativeConstructorAccessorImpl.newInstance0(Native Method)
at sun.reflect.NativeConstructorAccessorImpl.newInstance(Unknown Source)
at sun.reflect.DelegatingConstructorAccessorImpl.newInstance(Unknown Source)
at java.lang.reflect.Constructor.newInstance(Unknown Source)
at org.openqa.selenium.remote.ErrorHandler.createThrowable(ErrorHandler.java:206)
at org.openqa.selenium.remote.ErrorHandler.throwIfResponseFailed(ErrorHandler.java:158)
at org.openqa.selenium.remote.RemoteWebDriver.execute(RemoteWebDriver.java:678)
at io.appium.java_client.DefaultGenericMobileDriver.execute(DefaultGenericMobileDriver.java:40)
at io.appium.java_client.AppiumDriver.execute(AppiumDriver.java:1)
at io.appium.java_client.android.AndroidDriver.execute(AndroidDriver.java:1)
at org.openqa.selenium.remote.RemoteWebDriver.findElement(RemoteWebDriver.java:363)
at io.appium.java_client.DefaultGenericMobileDriver.findElement(DefaultGenericMobileDriver.java:56)
at io.appium.java_client.AppiumDriver.findElement(AppiumDriver.java:1)
at io.appium.java_client.android.AndroidDriver.findElement(AndroidDriver.java:1)
at org.openqa.selenium.remote.RemoteWebDriver.findElementByXPath(RemoteWebDriver.java:500)
at io.appium.java_client.DefaultGenericMobileDriver.findElementByXPath(DefaultGenericMobileDriver.java:134)
at io.appium.java_client.AppiumDriver.findElementByXPath(AppiumDriver.java:1)
at io.appium.java_client.android.AndroidDriver.findElementByXPath(AndroidDriver.java:1)
at org.openqa.selenium.By$ByXPath.findElement(By.java:361)
at org.openqa.selenium.remote.RemoteWebDriver.findElement(RemoteWebDriver.java:355)
at io.appium.java_client.DefaultGenericMobileDriver.findElement(DefaultGenericMobileDriver.java:52)
at io.appium.java_client.AppiumDriver.findElement(AppiumDriver.java:1)
at io.appium.java_client.android.AndroidDriver.findElement(AndroidDriver.java:1)
at com.Nm.Andriod_prod.Youraccount_OffersPage.offersPage(Youraccount_OffersPage.java:221)
at sun.reflect.NativeMethodAccessorImpl.invoke0(Native Method)
at sun.reflect.NativeMethodAccessorImpl.invoke(Unknown Source)
at sun.reflect.DelegatingMethodAccessorImpl.invoke(Unknown Source)
at java.lang.reflect.Method.invoke(Unknown Source)
at org.testng.internal.MethodInvocationHelper.invokeMethod(MethodInvocationHelper.java:124)
at org.testng.internal.Invoker.invokeMethod(Invoker.java:583)
at org.testng.internal.Invoker.invokeTestMethod(Invoker.java:719)
at org.testng.internal.Invoker.invokeTestMethods(Invoker.java:989)
at org.testng.internal.TestMethodWorker.invokeTestMethods(TestMethodWorker.java:125)
at org.testng.internal.TestMethodWorker.run(TestMethodWorker.java:109)
at org.testng.TestRunner.privateRun(TestRunner.java:648)
at org.testng.TestRunner.run(TestRunner.java:505)
at org.testng.SuiteRunner.runTest(SuiteRunner.java:455)
at org.testng.SuiteRunner.runSequentially(SuiteRunner.java:450)
at org.testng.SuiteRunner.privateRun(SuiteRunner.java:415)
at org.testng.SuiteRunner.run(SuiteRunner.java:364)
at org.testng.SuiteRunnerWorker.runSuite(SuiteRunnerWorker.java:52)
at org.testng.SuiteRunnerWorker.run(SuiteRunnerWorker.java:84)
at org.testng.TestNG.runSuitesSequentially(TestNG.java:1208)
at org.testng.TestNG.runSuitesLocally(TestNG.java:1137)
at org.testng.TestNG.runSuites(TestNG.java:1049)
at org.testng.TestNG.run(TestNG.java:1017)
at org.testng.remote.AbstractRemoteTestNG.run(AbstractRemoteTestNG.java:114)
at org.testng.remote.RemoteTestNG.initAndRun(RemoteTestNG.java:251)
at org.testng.remote.RemoteTestNG.main(RemoteTestNG.java:77)
]]>
    </failure>
  </testcase> <!-- offersPage -->
</testsuite> <!-- Default test -->
