<?xml version="1.0" encoding="UTF-8"?>
<!-- Generated by org.testng.reporters.JUnitXMLReporter -->
<testsuite ignored="0" hostname="LAPTOP-AD2BG20M" failures="0" tests="4" name="Default test" time="517.246" errors="0" timestamp="2021-08-18T18:19:05 IST">
  <testcase classname="com.Nm.Andriod_prod.M3_flow" name="M3SubscriptionOTCflow" time="98.731"/>
  <testcase classname="com.Nm.Andriod_prod.M3_flow" name="M3Subscription_DoctorConsultationflow" time="158.394"/>
  <testcase classname="com.Nm.Andriod_prod.M3_flow" name="M3Subscriptionpastrxflow" time="115.888"/>
  <testcase classname="com.Nm.Andriod_prod.M3_flow" name="M3Subscriptionrxflow" time="118.823"/>
</testsuite> <!-- Default test -->
