<?xml version="1.0" encoding="UTF-8"?>
<!-- Generated by org.testng.reporters.JUnitXMLReporter -->
<testsuite ignored="0" hostname="NMSLAP356" failures="0" tests="4" name="Default test" time="613.561" errors="0" timestamp="2021-12-27T15:18:53 IST">
  <testcase classname="com.Nm.Website_live.M2_Flow_Search" name="autoIt_Upload_SearchMedicine" time="142.403"/>
  <testcase classname="com.Nm.Website_live.M2_Flow_Search" name="call_Upload" time="113.106"/>
  <testcase classname="com.Nm.Website_live.M2_Flow_Search" name="m2_getCall" time="204.092"/>
  <testcase classname="com.Nm.Website_live.M2_Flow_Search" name="m2_searchMedicine" time="135.658"/>
</testsuite> <!-- Default test -->
