<?xml version="1.0" encoding="UTF-8"?>
<!-- Generated by org.testng.reporters.JUnitXMLReporter -->
<testsuite ignored="8" hostname="LAPTOP-AD2BG20M" failures="0" tests="1" name="Default test" time="66.488" errors="0" timestamp="2021-08-04T17:18:19 IST">
  <testcase classname="com.Nm.website_stage.Youraccount" name="Referearn" time="57.697"/>
  <testcase classname="com.Nm.website_stage.Youraccount" name="contactus" time="0.0">
    <ignored/>
  </testcase> <!-- contactus -->
  <testcase classname="com.Nm.website_stage.Youraccount" name="Helppage" time="0.0">
    <ignored/>
  </testcase> <!-- Helppage -->
  <testcase classname="com.Nm.website_stage.Youraccount" name="Editprofile" time="0.0">
    <ignored/>
  </testcase> <!-- Editprofile -->
  <testcase classname="com.Nm.website_stage.Youraccount" name="Mywallet" time="0.0">
    <ignored/>
  </testcase> <!-- Mywallet -->
  <testcase classname="com.Nm.website_stage.Youraccount" name="DeliverAddressSection" time="0.0">
    <ignored/>
  </testcase> <!-- DeliverAddressSection -->
  <testcase classname="com.Nm.website_stage.Youraccount" name="Myprescription" time="0.0">
    <ignored/>
  </testcase> <!-- Myprescription -->
  <testcase classname="com.Nm.website_stage.Youraccount" name="rateus" time="0.0">
    <ignored/>
  </testcase> <!-- rateus -->
  <testcase classname="com.Nm.website_stage.Youraccount" name="Legalinformation" time="0.0">
    <ignored/>
  </testcase> <!-- Legalinformation -->
</testsuite> <!-- Default test -->
