<?xml version="1.0" encoding="UTF-8"?>
<!-- Generated by org.testng.reporters.JUnitXMLReporter -->
<testsuite ignored="2" hostname="LAPTOP-AD2BG20M" failures="0" tests="1" name="Default test" time="313.416" errors="0" timestamp="2021-07-27T18:19:04 IST">
  <testcase classname="com.Nm.Website.CartPage" name="cartpagescenarioone" time="294.569"/>
  <testcase classname="com.Nm.Website.CartPage" name="carpagescenariotwo" time="0.0">
    <ignored/>
  </testcase> <!-- carpagescenariotwo -->
  <testcase classname="com.Nm.Website.CartPage" name="carpagescenariothree" time="0.0">
    <ignored/>
  </testcase> <!-- carpagescenariothree -->
</testsuite> <!-- Default test -->
