<?xml version="1.0" encoding="UTF-8"?>
<!-- Generated by org.testng.reporters.JUnitXMLReporter -->
<testsuite hostname="NMSLAP093" ignored="1" name="Default test" tests="1" failures="0" timestamp="26 Aug 2021 12:29:20 GMT" time="420.406" errors="0">
  <testcase name="netmedsFirstwitoutPrime" time="405.231" classname="com.Nm.Andriod_prod.NetmedsFirst"/>
  <testcase name="mone_precrption" time="0.0" classname="com.Nm.Andriod_prod.NetmedsFirst">
    <ignored/>
  </testcase> <!-- mone_precrption -->
</testsuite> <!-- Default test -->
