<?xml version="1.0" encoding="UTF-8"?>
<!-- Generated by org.testng.reporters.JUnitXMLReporter -->
<testsuite ignored="0" hostname="LAPTOP-AD2BG20M" failures="0" tests="4" name="Default test" time="639.106" errors="0" timestamp="2021-08-02T15:02:13 IST">
  <testcase classname="com.Nm.Website.CartPage" name="carpagescenariofour" time="167.723"/>
  <testcase classname="com.Nm.Website.CartPage" name="carpagescenariothree" time="90.402"/>
  <testcase classname="com.Nm.Website.CartPage" name="carpagescenariotwo" time="110.549"/>
  <testcase classname="com.Nm.Website.CartPage" name="cartpagescenarioone" time="245.593"/>
</testsuite> <!-- Default test -->
