<?xml version="1.0" encoding="UTF-8"?>
<!-- Generated by org.testng.reporters.JUnitXMLReporter -->
<testsuite ignored="0" hostname="NMSLAP356" failures="0" tests="3" name="Default test" time="347.177" errors="0" timestamp="2021-07-28T10:22:37 IST">
  <testcase classname="com.Nm.Website.GuestCartLogin" name="search_guestLogin" time="81.649"/>
  <testcase classname="com.Nm.Website.GuestCartLogin" name="pdp_guestLogin" time="145.1"/>
  <testcase classname="com.Nm.Website.GuestCartLogin" name="cartPage_Guestlogin" time="95.689"/>
</testsuite> <!-- Default test -->
