<?xml version="1.0" encoding="UTF-8"?>
<!-- Generated by org.testng.reporters.JUnitXMLReporter -->
<testsuite hostname="NMSLAP093" ignored="0" name="Default test" tests="2" failures="0" timestamp="01 Dec 2021 14:25:15 GMT" time="555.252" errors="0">
  <testcase name="paymentpage" time="123.645" classname="com.Nm.Msite_stage.Paymentpage">
    <skipped/>
  </testcase> <!-- paymentpage -->
  <testcase name="paymentpage" time="412.395" classname="com.Nm.Msite_stage.Paymentpage"/>
</testsuite> <!-- Default test -->
